02:46:25 [ERROR] Bright red error
02:46:25 [INFO] This only appears in the log file
02:46:25 [DEBUG] (1) notifydb_listener: [crates/notifydb_listener/src/main.rs:50] This level is currently not enabled for any logger
02:46:38 [DEBUG] (1) notifydb_listener: [crates/notifydb_listener/src/main.rs:96] message: notify-send | Title of the message : Saucy pidgeon2
02:46:45 [DEBUG] (1) notifydb_listener: [crates/notifydb_listener/src/main.rs:96] message: notify-send | Title of the message : Saucy pidgeon3
02:55:52 [DEBUG] (1) notifydb_listener: [crates/notifydb_listener/src/main.rs:96] message: discord | QuangPhan (#😳-sale-event, Unreal Engine) : @everyone My Ariana P3 package on sale 50% here: https://www.unrealengine.com/marketplace/en-US/product/ariana-characters-p3
Thank you for supporting me!
02:58:23 [DEBUG] (1) notifydb_listener: [crates/notifydb_listener/src/main.rs:96] message: discord | QuangPhan (#🔸-unity-chat, Unity Engine) : All my characters rigged with Avatar T pose in Unity and ready to work with animations rigged with Tpose avatar so you don’t need adjust characters to T pose
02:59:06 [DEBUG] (1) notifydb_listener: [crates/notifydb_listener/src/main.rs:96] message: discord | bbtty (#general, General) : Welcome bbtty. Say hi!
03:02:46 [DEBUG] (1) notifydb_listener: [crates/notifydb_listener/src/main.rs:96] message: discord | bbtty (#general, General) : hi just wanna say this asset works great, but it absolutely tanks my fps when i run it. I am relatively new to game design but is there something I can do to fix this? I&#39;m going from 170 fps to about 5.
03:42:54 [DEBUG] (1) notifydb_listener: [crates/notifydb_listener/src/main.rs:96] message: discord | Sinful Spartan (#code, MMORPG KIT) : Well I went ahead and built one.
03:45:24 [DEBUG] (1) notifydb_listener: [crates/notifydb_listener/src/main.rs:96] message: discord | Sinful Spartan (#code, MMORPG KIT) : One thing I can&#39;t figure out is why there are repeated network consts. I&#39;m sure they don&#39;t get called in the same place but having them in the same class seems odd.
03:58:14 [DEBUG] (1) notifydb_listener: [crates/notifydb_listener/src/main.rs:96] message: Mailspring | eBay : Updates to the eBay User Agreement
04:19:03 [DEBUG] (1) notifydb_listener: [crates/notifydb_listener/src/main.rs:96] message: discord | dkoth (#useful-assets, MMORPG KIT) : has anyone tried this https://assetstore.unity.com/packages/tools/localization/bad-word-filter-pro-26255?
04:30:45 [DEBUG] (1) notifydb_listener: [crates/notifydb_listener/src/main.rs:96] message: Mailspring | no-reply : New Asset Store Notifications
04:36:23 [DEBUG] (1) notifydb_listener: [crates/notifydb_listener/src/main.rs:96] message: discord | 0thelegend0 (#useful-assets, MMORPG KIT) : Ya I was looking at that one too...I was hoping that it would be easily added on to a textmesh pro gameobject but didnt seem like it was that easy
04:39:30 [DEBUG] (1) notifydb_listener: [crates/notifydb_listener/src/main.rs:96] message: Mailspring | Reddit : u/m2astn replied to your comment in r/unRAID
04:40:07 [DEBUG] (1) notifydb_listener: [crates/notifydb_listener/src/main.rs:96] message: discord | AtomsInTheVoid (#task-atlas-support, Help) : @cthulhme#4903 check it out!
04:40:07 [DEBUG] (1) notifydb_listener: [crates/notifydb_listener/src/main.rs:96] message: discord | AtomsInTheVoid (#task-atlas-support, Help) : @cthulhme#4903 check it out!
04:40:32 [DEBUG] (1) notifydb_listener: [crates/notifydb_listener/src/main.rs:96] message: discord | AtomsInTheVoid (#task-atlas-support, Help) : I&#39;ve got the basics working, now I just need to make a nice little interface for it
04:43:43 [DEBUG] (1) notifydb_listener: [crates/notifydb_listener/src/main.rs:96] message: discord | AtomsInTheVoid (#task-atlas-support, Help) : What I&#39;m envisioning is you&#39;d select the csv file, it has to be formatted correctly (but, the columns don&#39;t have to be in the exact order, but the file MUST contain at least the given columns -- you could add your own if you wish for some reason).. anyway, it&#39;ll load the data into memory, then display all the Landmarks/Tasks found.  You can then use a checkbox next to each to import them several at a time or all at once.  It will overwrite data if it&#39;s already contained in the dataset.  The interface will warn you about this ahead of time so you&#39;ll also have two quick options: import all (selects all checkboxes) or import only new (checks all that have either a unique landmark and/or task name)
04:45:05 [DEBUG] (1) notifydb_listener: [crates/notifydb_listener/src/main.rs:96] message: discord | AtomsInTheVoid (#task-atlas-support, Help) : If the landmark is new, it&#39;ll take a screenshot at the coordinates given (I need to add rotation columns in here as well), if the landmark isn&#39;t new it&#39;ll just leave it as it was.  For the Tasks, if you put Sticky=1, then it&#39;ll make a sticky task at the t_xyz you provide.
04:46:21 [DEBUG] (1) notifydb_listener: [crates/notifydb_listener/src/main.rs:96] message: discord | AtomsInTheVoid (#task-atlas-support, Help) : You could have two special landmarks &quot;General Bugs&quot; which don&#39;t have location specific information, so nothing will be sticky there, your UI for the user will be just a basic text field perhaps.  The second landmark &quot;Scene Bugs&quot; will be full of tasks with stickys with exact coordinates where the user can jot a note that there&#39;s something wrong.
04:47:32 [DEBUG] (1) notifydb_listener: [crates/notifydb_listener/src/main.rs:96] message: discord | AtomsInTheVoid (#task-atlas-support, Help) : At the moment, capturing a picture isn&#39;t really an option (how would I store that in a csv?) which would be cool -- but also, I don&#39;t currently have pictures associated directly with a task itself -- so taking a screenshot of the bug doesn&#39;t fly just yet.. but I do think that&#39;s a cool idea that I&#39;m going to think about
04:47:49 [DEBUG] (1) notifydb_listener: [crates/notifydb_listener/src/main.rs:96] message: discord | AtomsInTheVoid (#task-atlas-support, Help) : Once I get this working, I might consider a basic SQL type interface to do the same thing
04:48:07 [DEBUG] (1) notifydb_listener: [crates/notifydb_listener/src/main.rs:96] message: discord | AtomsInTheVoid (#task-atlas-support, Help) : let me know what you think!!
04:50:54 [DEBUG] (1) notifydb_listener: [crates/notifydb_listener/src/main.rs:96] message: discord | xdr3adl0rdx (#general, General) : Yay you made it, xdr3adl0rdx!
04:59:36 [DEBUG] (1) notifydb_listener: [crates/notifydb_listener/src/main.rs:96] message: discord | SmokingHeadStudio (#showcase, General) : hmmmmmmmmmmmmmmmmmmmmm first rework of my Cliffs.

next (other Side) to go today hm.
04:59:56 [DEBUG] (1) notifydb_listener: [crates/notifydb_listener/src/main.rs:96] message: discord | SmokingHeadStudio (#showcase, General) : Uploaded ROO_FriendOrEnemy.jpg
05:04:41 [DEBUG] (1) notifydb_listener: [crates/notifydb_listener/src/main.rs:96] message: discord | DankP3 (#swimming-pack, Ultimate Character Controller) : Assuming you dont want specific animations for specific movements (lots of blend trees to cope with the 3d movement etc. you could add up and down with a single ability polling the inputs. A bare bones ability would like this: ```namespace Opsive.UltimateCharacterController.Character.Abilities
{
    using Opsive.Shared.Game;
    using Opsive.Shared.Input;
    using UnityEngine;
    public class TestFlight : Ability
    {
        private PlayerInput m_PlayerInput;
        public override void Awake() {
            base.Awake();
            m_PlayerInput = m_CharacterLocomotion.gameObject.GetCachedComponent&lt;PlayerInput&gt;();
        }

        // Update is called once per frame
        public override void ApplyPosition() {
            base.ApplyPosition();
            if (m_PlayerInput.GetButton(&quot;Jump&quot;)){
                m_CharacterLocomotion.MoveDirection += m_CharacterLocomotion.Up * m_CharacterLocomotion.TimeScale * Time.timeScale * Time.deltaTime;
            }
            else if (m_PlayerInput.GetButton(&quot;Crouch&quot;)) {
                m_CharacterLocomotion.MoveDirection += -m_CharacterLocomotion.Up * m_CharacterLocomotion.TimeScale * Time.timeScale * Time.deltaTime;
            }
        }
    }
}``` You would also need of course, no gravity, stick to ground set to false and probably no Jump, Fall, Height Change or Crouch Abilities in this setup for it to work cleanly. If you move fast other checks may be required. An alternate might be to use the AbilityMotor.
05:28:04 [DEBUG] (1) notifydb_listener: [crates/notifydb_listener/src/main.rs:96] message: Mailspring | B&H Deal Zone : Today's Deals: Synco 2-Person Digital Wireless Mic System, Silicon Power Cinema PRO CFast Memory Cards, GVM Bi-Color LED Video Spotlight, Feiyu 3-Axis Handheld Gimbal Stabilizer & More!
